[2026-07-01 12:43:20] Récupération des annonces CROUS (toutes pages)...
[2026-07-01 12:43:21] Page 1/60 — 24 logements cumulés
[2026-07-01 12:43:30] Page 10/60 — 226 logements cumulés
[2026-07-01 12:43:42] Page 20/60 — 426 logements cumulés
[2026-07-01 12:43:53] Page 30/60 — 595 logements cumulés
[2026-07-01 12:44:04] Page 40/60 — 794 logements cumulés
[2026-07-01 12:44:15] Page 50/60 — 936 logements cumulés
[2026-07-01 12:44:26] Page 60/60 — 1143 logements cumulés
[2026-07-01 12:44:26] Total: 1143 logements sur le site.
[2026-07-01 12:44:26] 168 logements correspondent à tes filtres (départements=['75', '77', '78', '91', '92', '93', '94', '95'], villes=[]).
[2026-07-01 12:44:26] 🎉 168 nouvelle(s) annonce(s) !
[2026-07-01 12:44:27] ✅ Email envoyé à ezzakizakariae@gmail.com (168 annonces)
[2026-07-01 13:06:03] Récupération des annonces CROUS (toutes pages)...
[2026-07-01 13:06:04] Page 1/60 — 24 logements cumulés
[2026-07-01 13:06:13] Page 10/60 — 199 logements cumulés
[2026-07-01 13:06:22] Page 20/60 — 402 logements cumulés
[2026-07-01 13:06:33] Page 30/60 — 579 logements cumulés
[2026-07-01 13:06:43] Page 40/60 — 768 logements cumulés
[2026-07-01 13:06:53] Page 50/60 — 971 logements cumulés
[2026-07-01 13:07:03] Page 60/60 — 1169 logements cumulés
[2026-07-01 13:07:04] Total: 1169 logements sur le site.
[2026-07-01 13:07:04] 169 logements correspondent à tes filtres (départements=['75', '77', '78', '91', '92', '93', '94', '95'], villes=[]).
[2026-07-01 13:07:04] 🎉 26 nouvelle(s) annonce(s) !
[2026-07-01 13:07:05] ✅ Email envoyé à ezzakizakariae@gmail.com (26 annonces)
